<?xml version="1.0" encoding="UTF-8"?>
<!-- Generated by org.testng.reporters.JUnitXMLReporter -->
<testsuite hostname="TLNW-UXPWK0" name="Test" tests="4" failures="1" timestamp="14 Apr 2017 07:22:41 GMT" time="0.021" errors="0">
  <testcase name="LLogAdd" time="0.003" classname="com.icinfo.witest.testcase.NewTestCase">
    <skipped/>
  </testcase> <!-- LLogAdd -->
  <testcase name="LLogAdd" time="0.001" classname="com.icinfo.witest.testcase.NewTestCase">
    <skipped/>
  </testcase> <!-- LLogAdd -->
  <testcase name="LLogAdd" time="0.0" classname="com.icinfo.witest.testcase.NewTestCase">
    <skipped/>
  </testcase> <!-- LLogAdd -->
  <testcase name="LLogAdd" time="0.001" classname="com.icinfo.witest.testcase.NewTestCase">
    <failure type="java.lang.NullPointerException">
      <![CDATA[java.lang.NullPointerException
	at com.icinfo.witest.testcase.NewTestCase.LLogAdd(NewTestCase.java:69)
... Removed 24 stack frames]]>
    </failure>
  </testcase> <!-- LLogAdd -->
</testsuite> <!-- Test -->
